0 info it worked if it ends with ok
1 verbose cli [ '/opt/bitnami/nodejs/bin/.node.bin',
1 verbose cli   '/opt/bitnami/nodejs/bin/npm',
1 verbose cli   'start' ]
2 info using npm@3.3.12
3 info using node@v5.1.1
4 verbose run-script [ 'prestart', 'start', 'poststart' ]
5 info lifecycle SuperCarsta@0.0.0~prestart: SuperCarsta@0.0.0
6 silly lifecycle SuperCarsta@0.0.0~prestart: no script for prestart, continuing
7 info lifecycle SuperCarsta@0.0.0~start: SuperCarsta@0.0.0
8 verbose lifecycle SuperCarsta@0.0.0~start: unsafe-perm in lifecycle true
9 verbose lifecycle SuperCarsta@0.0.0~start: PATH: /opt/bitnami/nodejs/lib/node_modules/npm/bin/node-gyp-bin:/opt/bitnami/apps/SuperCarsta/node_modules/.bin:/opt/bitnami/nodejs/bin:/opt/bitnami/git/bin:/opt/bitnami/mongodb/bin:/opt/bitnami/sqlite/bin:/opt/bitnami/php/bin:/opt/bitnami/python/bin:/opt/bitnami/apache2/bin:/opt/bitnami/common/bin:/opt/bitnami/nodejs/bin:/opt/bitnami/git/bin:/opt/bitnami/mongodb/bin:/opt/bitnami/sqlite/bin:/opt/bitnami/php/bin:/opt/bitnami/python/bin:/opt/bitnami/apache2/bin:/opt/bitnami/common/bin:/usr/local/sbin:/usr/local/bin:/usr/sbin:/usr/bin:/sbin:/bin:/usr/games:/usr/local/games
10 verbose lifecycle SuperCarsta@0.0.0~start: CWD: /opt/bitnami/apps/SuperCarsta
11 silly lifecycle SuperCarsta@0.0.0~start: Args: [ '-c', 'node server.js' ]
12 silly lifecycle SuperCarsta@0.0.0~start: Returned: code: 1  signal: null
13 info lifecycle SuperCarsta@0.0.0~start: Failed to exec start script
14 verbose stack Error: SuperCarsta@0.0.0 start: `node server.js`
14 verbose stack Exit status 1
14 verbose stack     at EventEmitter.<anonymous> (/opt/bitnami/nodejs/lib/node_modules/npm/lib/utils/lifecycle.js:232:16)
14 verbose stack     at emitTwo (events.js:87:13)
14 verbose stack     at EventEmitter.emit (events.js:172:7)
14 verbose stack     at ChildProcess.<anonymous> (/opt/bitnami/nodejs/lib/node_modules/npm/lib/utils/spawn.js:24:14)
14 verbose stack     at emitTwo (events.js:87:13)
14 verbose stack     at ChildProcess.emit (events.js:172:7)
14 verbose stack     at maybeClose (internal/child_process.js:818:16)
14 verbose stack     at Process.ChildProcess._handle.onexit (internal/child_process.js:211:5)
15 verbose pkgid SuperCarsta@0.0.0
16 verbose cwd /opt/bitnami/apps/SuperCarsta
17 error Linux 3.13.0-71-generic
18 error argv "/opt/bitnami/nodejs/bin/.node.bin" "/opt/bitnami/nodejs/bin/npm" "start"
19 error node v5.1.1
20 error npm  v3.3.12
21 error code ELIFECYCLE
22 error SuperCarsta@0.0.0 start: `node server.js`
22 error Exit status 1
23 error Failed at the SuperCarsta@0.0.0 start script 'node server.js'.
23 error Make sure you have the latest version of node.js and npm installed.
23 error If you do, this is most likely a problem with the SuperCarsta package,
23 error not with npm itself.
23 error Tell the author that this fails on your system:
23 error     node server.js
23 error You can get their info via:
23 error     npm owner ls SuperCarsta
23 error There is likely additional logging output above.
24 verbose exit [ 1, true ]
